[00:09:30] {/Users/joe/Documents/Python/bourbon_finder/bourbon/bourbon/bin/run_buffalo_trace.py:45} INFO - Sqlalchemy running on version 3.35.5
[00:11:04] {/Users/joe/Documents/Python/bourbon_finder/bourbon/bourbon/bin/run_buffalo_trace.py:45} INFO - Sqlalchemy running on version 3.35.5
[00:15:54] {/Users/joe/Documents/Python/bourbon_finder/bourbon/bourbon/bin/run_buffalo_trace.py:47} INFO - Sqlalchemy running on version 3.35.5
[00:17:57] {/Users/joe/Documents/Python/bourbon_finder/bourbon/bourbon/bin/run_buffalo_trace.py:47} INFO - Sqlalchemy running on version 3.35.5
[00:18:46] {/Users/joe/Documents/Python/bourbon_finder/bourbon/bourbon/bin/run_buffalo_trace.py:47} INFO - Sqlalchemy running on version 3.35.5
[00:18:46] {/Users/joe/Documents/Python/bourbon_finder/bourbon/bourbon/bin/run_buffalo_trace.py:55} INFO - no new rows to upload
[19:36:33] {/Users/joe/Documents/Python/bourbon_finder/bourbon/bourbon/bin/run_buffalo_trace.py:48} INFO - Sqlalchemy running on version 3.35.5
[19:36:33] {/Users/joe/Documents/Python/bourbon_finder/bourbon/bourbon/bin/run_buffalo_trace.py:56} INFO - no new rows to upload
[20:08:04] {/Users/joe/Documents/Python/bourbon_finder/bourbon/bourbon/bin/run_buffalo_trace.py:48} INFO - Sqlalchemy running on version 3.35.5
[20:08:49] {/Users/joe/Documents/Python/bourbon_finder/bourbon/bourbon/bin/run_buffalo_trace.py:56} INFO - no new rows to upload
[20:09:16] {/Users/joe/Documents/Python/bourbon_finder/bourbon/bourbon/bin/run_buffalo_trace.py:48} INFO - Sqlalchemy running on version 3.35.5
[20:09:16] {/Users/joe/Documents/Python/bourbon_finder/bourbon/bourbon/bin/run_buffalo_trace.py:58} INFO - uploading new rows
[20:09:16] {/Users/joe/Documents/Python/bourbon_finder/bourbon/bourbon/bin/run_buffalo_trace.py:61} INFO - wrote 8 rows
[04:05:31] {/home/runner/work/bourbon_finder/bourbon_finder/bourbon/bourbon/bin/run_buffalo_trace.py:48} INFO - Sqlalchemy running on version 3.37.2
[04:05:31] {/home/runner/work/bourbon_finder/bourbon_finder/bourbon/bourbon/bin/run_buffalo_trace.py:58} INFO - uploading new rows
[04:05:31] {/home/runner/work/bourbon_finder/bourbon_finder/bourbon/bourbon/bin/run_buffalo_trace.py:61} INFO - wrote 8 rows
[23:45:55] {/Users/joe/Documents/Python/bourbon_finder/bourbon/bourbon/bin/run_buffalo_trace.py:47} INFO - Sqlalchemy running on version 3.35.5
[23:45:55] {/Users/joe/Documents/Python/bourbon_finder/bourbon/bourbon/bin/run_buffalo_trace.py:64} INFO - uploading new rows
[23:45:55] {/Users/joe/Documents/Python/bourbon_finder/bourbon/bourbon/bin/run_buffalo_trace.py:69} INFO - wrote 8 rows
[11:42:57] {/home/runner/work/bourbon_finder/bourbon_finder/bourbon/bourbon/bin/run_buffalo_trace.py:47} INFO - Sqlalchemy running on version 3.37.2
[11:42:57] {/home/runner/work/bourbon_finder/bourbon_finder/bourbon/bourbon/bin/run_buffalo_trace.py:64} INFO - uploading new rows
[11:42:57] {/home/runner/work/bourbon_finder/bourbon_finder/bourbon/bourbon/bin/run_buffalo_trace.py:69} INFO - wrote 8 rows
[11:52:51] {/home/runner/work/bourbon_finder/bourbon_finder/bourbon/bourbon/bin/run_buffalo_trace.py:47} INFO - Sqlalchemy running on version 3.37.2
[11:52:51] {/home/runner/work/bourbon_finder/bourbon_finder/bourbon/bourbon/bin/run_buffalo_trace.py:64} INFO - uploading new rows
[11:52:51] {/home/runner/work/bourbon_finder/bourbon_finder/bourbon/bourbon/bin/run_buffalo_trace.py:69} INFO - wrote 8 rows
